Using pre-set license
Built from '2020.3/staging' branch; Version is '2020.3.32f1 (12f8b0834f07) revision 1243312'; Using compiler version '192528614'; Build Type 'Release'
OS: 'Windows 10  (10.0.19044) 64bit Core' Language: 'es' Physical Memory: 28560 MB
BatchMode: 1, IsHumanControllingUs: 0, StartBugReporterOnCrash: 0, Is64bit: 1, IsPro: 0

COMMAND LINE ARGUMENTS:
C:\Program Files\Unity\Hub\Editor\2020.3.32f1\Editor\Unity.exe
-adb2
-batchMode
-noUpm
-name
AssetImportWorker0
-projectPath
D:/Unity Projects/MetaXSP/Pentagrama/Discos_VR
-logFile
Logs/AssetImportWorker0.log
-srvPort
64054
Successfully changed project path to: D:/Unity Projects/MetaXSP/Pentagrama/Discos_VR
D:/Unity Projects/MetaXSP/Pentagrama/Discos_VR
Using Asset Import Pipeline V2.
Refreshing native plugins compatible for Editor in 55.85 ms, found 10 plugins.
Preloading 1 native plugins for Editor in 0.64 ms.
Initialize engine version: 2020.3.32f1 (12f8b0834f07)
[Subsystems] Discovering subsystems at path C:/Program Files/Unity/Hub/Editor/2020.3.32f1/Editor/Data/Resources/UnitySubsystems
[Subsystems] Discovering subsystems at path D:/Unity Projects/MetaXSP/Pentagrama/Discos_VR/Assets
GfxDevice: creating device client; threaded=0
Direct3D:
    Version:  Direct3D 11.0 [level 11.1]
    Renderer: NVIDIA GeForce RTX 3060 (ID=0x2504)
    Vendor:   
    VRAM:     12142 MB
    Driver:   30.0.15.1259
Initialize mono
Mono path[0] = 'C:/Program Files/Unity/Hub/Editor/2020.3.32f1/Editor/Data/Managed'
Mono path[1] = 'C:/Program Files/Unity/Hub/Editor/2020.3.32f1/Editor/Data/MonoBleedingEdge/lib/mono/unityjit'
Mono config path = 'C:/Program Files/Unity/Hub/Editor/2020.3.32f1/Editor/Data/MonoBleedingEdge/etc'
Using monoOptions --debugger-agent=transport=dt_socket,embedding=1,server=y,suspend=n,address=127.0.0.1:56288
Begin MonoManager ReloadAssembly
Registering precompiled unity dll's ...
Register platform support module: C:/Program Files/Unity/Hub/Editor/2020.3.32f1/Editor/Data/PlaybackEngines/WebGLSupport/UnityEditor.WebGL.Extensions.dll
Register platform support module: C:/Program Files/Unity/Hub/Editor/2020.3.32f1/Editor/Data/PlaybackEngines/WindowsStandaloneSupport/UnityEditor.WindowsStandalone.Extensions.dll
Registered in 0.001885 seconds.
Native extension for WindowsStandalone target not found
Native extension for WebGL target not found
Refreshing native plugins compatible for Editor in 50.11 ms, found 10 plugins.
Preloading 1 native plugins for Editor in 0.04 ms.
Mono: successfully reloaded assembly
- Completed reload, in  0.443 seconds
Domain Reload Profiling:
	ReloadAssembly (443ms)
		BeginReloadAssembly (48ms)
			ExecutionOrderSort (0ms)
			DisableScriptedObjects (0ms)
			BackupInstance (0ms)
			ReleaseScriptingObjects (0ms)
			CreateAndSetChildDomain (1ms)
		EndReloadAssembly (343ms)
			LoadAssemblies (46ms)
			RebuildTransferFunctionScriptingTraits (0ms)
			SetupTypeCache (99ms)
			ReleaseScriptCaches (0ms)
			RebuildScriptCaches (20ms)
			SetupLoadedEditorAssemblies (145ms)
				LogAssemblyErrors (0ms)
				InitializePlatformSupportModulesInManaged (4ms)
				SetLoadedEditorAssemblies (0ms)
				RefreshPlugins (50ms)
				BeforeProcessingInitializeOnLoad (13ms)
				ProcessInitializeOnLoadAttributes (58ms)
				ProcessInitializeOnLoadMethodAttributes (19ms)
				AfterProcessingInitializeOnLoad (0ms)
				EditorAssembliesLoaded (0ms)
			ExecutionOrderSort2 (0ms)
			AwakeInstancesAfterBackupRestoration (0ms)
Platform modules already initialized, skipping
Registering precompiled user dll's ...
Registered in 0.004121 seconds.
Begin MonoManager ReloadAssembly
Symbol file data-000001E2F86D7440 doesn't match image D:\Unity Projects\MetaXSP\Pentagrama\Discos_VR\Library\ScriptAssemblies\Unity.VSCode.Editor.dll
Symbol file LoadedFromMemory is not a mono symbol file
Symbol file data-000001E2F7EE5010 doesn't match image D:\Unity Projects\MetaXSP\Pentagrama\Discos_VR\Library\ScriptAssemblies\Unity.TextMeshPro.Editor.dll
Symbol file LoadedFromMemory is not a mono symbol file
Symbol file data-000001E2F7DA59C0 doesn't match image D:\Unity Projects\MetaXSP\Pentagrama\Discos_VR\Library\ScriptAssemblies\Unity.VisualStudio.Editor.dll
Symbol file LoadedFromMemory is not a mono symbol file
Symbol file data-000001E2F9101830 doesn't match image D:\Unity Projects\MetaXSP\Pentagrama\Discos_VR\Library\ScriptAssemblies\Unity.XR.OpenXR.Features.OculusQuestSupport.Editor.dll
Symbol file LoadedFromMemory is not a mono symbol file
Symbol file data-000001E2F7C43280 doesn't match image D:\Unity Projects\MetaXSP\Pentagrama\Discos_VR\Library\ScriptAssemblies\UnityEngine.TestRunner.dll
Symbol file LoadedFromMemory is not a mono symbol file
Symbol file data-000001E2F7BB1410 doesn't match image D:\Unity Projects\MetaXSP\Pentagrama\Discos_VR\Library\ScriptAssemblies\Siccity.GLTFUtility.dll
Symbol file LoadedFromMemory is not a mono symbol file
Symbol file data-000001E2F8799420 doesn't match image D:\Unity Projects\MetaXSP\Pentagrama\Discos_VR\Library\ScriptAssemblies\Unity.Timeline.dll
Symbol file LoadedFromMemory is not a mono symbol file
Symbol file data-000001E2F7892010 doesn't match image D:\Unity Projects\MetaXSP\Pentagrama\Discos_VR\Library\ScriptAssemblies\Unity.TextMeshPro.dll
Symbol file LoadedFromMemory is not a mono symbol file
Symbol file data-000001E2F87B7830 doesn't match image D:\Unity Projects\MetaXSP\Pentagrama\Discos_VR\Library\ScriptAssemblies\Unity.Burst.Editor.dll
Symbol file LoadedFromMemory is not a mono symbol file
Symbol file data-000001E2F78C1620 doesn't match image D:\Unity Projects\MetaXSP\Pentagrama\Discos_VR\Library\ScriptAssemblies\UnityEditor.TestRunner.dll
Symbol file LoadedFromMemory is not a mono symbol file
Symbol file data-000001E2F3C661F0 doesn't match image D:\Unity Projects\MetaXSP\Pentagrama\Discos_VR\Library\ScriptAssemblies\Unity.XR.Interaction.Toolkit.dll
Symbol file LoadedFromMemory is not a mono symbol file
Symbol file data-000001E2F9289F20 doesn't match image D:\Unity Projects\MetaXSP\Pentagrama\Discos_VR\Library\ScriptAssemblies\Unity.XR.OpenXR.Features.MockRuntime.dll
Symbol file LoadedFromMemory is not a mono symbol file
Symbol file data-000001E2F7BB1410 doesn't match image D:\Unity Projects\MetaXSP\Pentagrama\Discos_VR\Library\ScriptAssemblies\Unity.XR.Management.Editor.dll
Symbol file LoadedFromMemory is not a mono symbol file
Symbol file data-000001E2EDF287A0 doesn't match image D:\Unity Projects\MetaXSP\Pentagrama\Discos_VR\Library\ScriptAssemblies\Unity.Subsystem.Registration.dll
Symbol file LoadedFromMemory is not a mono symbol file
Symbol file data-000001E2F8958C30 doesn't match image D:\Unity Projects\MetaXSP\Pentagrama\Discos_VR\Library\ScriptAssemblies\Unity.Postprocessing.Editor.dll
Symbol file LoadedFromMemory is not a mono symbol file
Symbol file data-000001E2F7BB1410 doesn't match image D:\Unity Projects\MetaXSP\Pentagrama\Discos_VR\Library\ScriptAssemblies\UnityEditor.UI.dll
Symbol file LoadedFromMemory is not a mono symbol file
Symbol file data-000001E2F758A020 doesn't match image D:\Unity Projects\MetaXSP\Pentagrama\Discos_VR\Library\ScriptAssemblies\Unity.InputSystem.dll
Symbol file LoadedFromMemory is not a mono symbol file
Symbol file data-000001E2F87B7830 doesn't match image D:\Unity Projects\MetaXSP\Pentagrama\Discos_VR\Library\ScriptAssemblies\Unity.Rider.Editor.dll
Symbol file LoadedFromMemory is not a mono symbol file
Symbol file data-000001E2F7AD8010 doesn't match image D:\Unity Projects\MetaXSP\Pentagrama\Discos_VR\Library\ScriptAssemblies\Unity.PlasticSCM.Editor.dll
Symbol file LoadedFromMemory is not a mono symbol file
Symbol file data-000001E2F8A1B800 doesn't match image D:\Unity Projects\MetaXSP\Pentagrama\Discos_VR\Library\ScriptAssemblies\Unity.XR.OpenXR.Features.OculusQuestSupport.dll
Symbol file LoadedFromMemory is not a mono symbol file
Symbol file data-000001E2F8B57040 doesn't match image D:\Unity Projects\MetaXSP\Pentagrama\Discos_VR\Library\ScriptAssemblies\UnityEngine.SpatialTracking.dll
Symbol file LoadedFromMemory is not a mono symbol file
Symbol file data-000001E2F777EC30 doesn't match image D:\Unity Projects\MetaXSP\Pentagrama\Discos_VR\Library\ScriptAssemblies\UnityEngine.UI.dll
Symbol file LoadedFromMemory is not a mono symbol file
Symbol file data-000001E2F8B57040 doesn't match image D:\Unity Projects\MetaXSP\Pentagrama\Discos_VR\Library\ScriptAssemblies\Siccity.GLTFUtility.Editor.dll
Symbol file LoadedFromMemory is not a mono symbol file
Symbol file data-000001E2F7796C40 doesn't match image D:\Unity Projects\MetaXSP\Pentagrama\Discos_VR\Library\ScriptAssemblies\Unity.Animation.Rigging.dll
Symbol file LoadedFromMemory is not a mono symbol file
Symbol file data-000001E2F8972010 doesn't match image D:\Unity Projects\MetaXSP\Pentagrama\Discos_VR\Library\ScriptAssemblies\Unity.Mathematics.dll
Symbol file LoadedFromMemory is not a mono symbol file
Symbol file data-000001E2F88B6040 doesn't match image D:\Unity Projects\MetaXSP\Pentagrama\Discos_VR\Library\ScriptAssemblies\Unity.XR.CoreUtils.Editor.dll
Symbol file LoadedFromMemory is not a mono symbol file
Symbol file data-000001E2F87B7830 doesn't match image D:\Unity Projects\MetaXSP\Pentagrama\Discos_VR\Library\ScriptAssemblies\Unity.Services.Core.Editor.dll
Symbol file LoadedFromMemory is not a mono symbol file
Symbol file data-000001E2F7948010 doesn't match image D:\Unity Projects\MetaXSP\Pentagrama\Discos_VR\Library\ScriptAssemblies\Unity.Burst.dll
Symbol file LoadedFromMemory is not a mono symbol file
Symbol file data-000001E2F7B11420 doesn't match image D:\Unity Projects\MetaXSP\Pentagrama\Discos_VR\Library\ScriptAssemblies\Unity.Postprocessing.Runtime.dll
Symbol file LoadedFromMemory is not a mono symbol file
Symbol file data-000001E2F39081F0 doesn't match image D:\Unity Projects\MetaXSP\Pentagrama\Discos_VR\Library\ScriptAssemblies\UnityEngine.XR.LegacyInputHelpers.dll
Symbol file LoadedFromMemory is not a mono symbol file
Symbol file data-000001E2F7DA59C0 doesn't match image D:\Unity Projects\MetaXSP\Pentagrama\Discos_VR\Library\ScriptAssemblies\Unity.XR.OpenXR.Editor.dll
Symbol file LoadedFromMemory is not a mono symbol file
Symbol file data-000001E2F8017580 doesn't match image D:\Unity Projects\MetaXSP\Pentagrama\Discos_VR\Library\ScriptAssemblies\ReadyPlayerMe.dll
Symbol file LoadedFromMemory is not a mono symbol file
Symbol file data-000001E2F3960010 doesn't match image D:\Unity Projects\MetaXSP\Pentagrama\Discos_VR\Library\ScriptAssemblies\WebView.dll
Symbol file LoadedFromMemory is not a mono symbol file
Symbol file data-000001E2F8972010 doesn't match image D:\Unity Projects\MetaXSP\Pentagrama\Discos_VR\Library\ScriptAssemblies\Unity.Timeline.Editor.dll
Symbol file LoadedFromMemory is not a mono symbol file
Symbol file data-000001E2F3986010 doesn't match image D:\Unity Projects\MetaXSP\Pentagrama\Discos_VR\Library\ScriptAssemblies\ReadyPlayerMe.Editor.dll
Symbol file LoadedFromMemory is not a mono symbol file
Symbol file data-000001E2F7B16E30 doesn't match image D:\Unity Projects\MetaXSP\Pentagrama\Discos_VR\Library\ScriptAssemblies\Unity.XR.CoreUtils.dll
Symbol file LoadedFromMemory is not a mono symbol file
Symbol file data-000001E2F32738B0 doesn't match image D:\Unity Projects\MetaXSP\Pentagrama\Discos_VR\Library\ScriptAssemblies\UnityEditor.XR.LegacyInputHelpers.dll
Symbol file LoadedFromMemory is not a mono symbol file
Symbol file data-000001E2F3960010 doesn't match image D:\Unity Projects\MetaXSP\Pentagrama\Discos_VR\Library\ScriptAssemblies\Unity.XR.Management.dll
Symbol file LoadedFromMemory is not a mono symbol file
Symbol file data-000001E2F8BA6E20 doesn't match image D:\Unity Projects\MetaXSP\Pentagrama\Discos_VR\Library\ScriptAssemblies\Unity.Mathematics.Editor.dll
Symbol file LoadedFromMemory is not a mono symbol file
Symbol file data-000001E2F8875240 doesn't match image D:\Unity Projects\MetaXSP\Pentagrama\Discos_VR\Library\ScriptAssemblies\Unity.CollabProxy.Editor.dll
Symbol file LoadedFromMemory is not a mono symbol file
Symbol file data-000001E2F32738B0 doesn't match image D:\Unity Projects\MetaXSP\Pentagrama\Discos_VR\Library\ScriptAssemblies\Unity.XR.OpenXR.Features.RuntimeDebugger.dll
Symbol file LoadedFromMemory is not a mono symbol file
Symbol file data-000001E2F31A1060 doesn't match image D:\Unity Projects\MetaXSP\Pentagrama\Discos_VR\Library\ScriptAssemblies\ReadyPlayerMe.Extras.Editor.dll
Symbol file LoadedFromMemory is not a mono symbol file
Symbol file data-000001E2F7C6CDE0 doesn't match image D:\Unity Projects\MetaXSP\Pentagrama\Discos_VR\Library\ScriptAssemblies\Unity.XR.Oculus.Editor.dll
Symbol file LoadedFromMemory is not a mono symbol file
Symbol file data-000001E2F888A660 doesn't match image D:\Unity Projects\MetaXSP\Pentagrama\Discos_VR\Library\ScriptAssemblies\Unity.XR.OpenXR.dll
Symbol file LoadedFromMemory is not a mono symbol file
Symbol file data-000001E2F8014A40 doesn't match image D:\Unity Projects\MetaXSP\Pentagrama\Discos_VR\Library\ScriptAssemblies\UnityEditor.SpatialTracking.dll
Symbol file LoadedFromMemory is not a mono symbol file
Symbol file data-000001E2F888A660 doesn't match image D:\Unity Projects\MetaXSP\Pentagrama\Discos_VR\Library\ScriptAssemblies\Unity.Animation.Rigging.Editor.dll
Symbol file LoadedFromMemory is not a mono symbol file
Symbol file data-000001E2F81D4C20 doesn't match image D:\Unity Projects\MetaXSP\Pentagrama\Discos_VR\Library\ScriptAssemblies\Unity.XR.OpenXR.Features.ConformanceAutomation.dll
Symbol file LoadedFromMemory is not a mono symbol file
Symbol file data-000001E2F3533010 doesn't match image D:\Unity Projects\MetaXSP\Pentagrama\Discos_VR\Library\ScriptAssemblies\Unity.XR.Interaction.Toolkit.Editor.dll
Symbol file LoadedFromMemory is not a mono symbol file
Symbol file data-000001E2F8140830 doesn't match image D:\Unity Projects\MetaXSP\Pentagrama\Discos_VR\Library\ScriptAssemblies\Unity.XR.OpenXR.Features.RuntimeDebugger.Editor.dll
Symbol file LoadedFromMemory is not a mono symbol file
Symbol file data-000001E2F7C4B290 doesn't match image D:\Unity Projects\MetaXSP\Pentagrama\Discos_VR\Library\ScriptAssemblies\Unity.XR.Oculus.dll
Symbol file LoadedFromMemory is not a mono symbol file
Native extension for WindowsStandalone target not found
Native extension for WebGL target not found
Refreshing native plugins compatible for Editor in 49.93 ms, found 10 plugins.
Preloading 1 native plugins for Editor in 0.04 ms.
[XR] OculusXRPlugin: registering subsystems
[XR] Unable to register display lifecyle provider: [1]
[XR] Oculus Input lifecycle provider registered.
[XR] Unable to register input lifecyle provider: [1]
System.Reflection.TargetInvocationException: Exception has been thrown by the target of an invocation. ---> System.NullReferenceException: Object reference not set to an instance of an object
  at Unity.XR.Oculus.OculusLoader.AssetPathToAbsolutePath (System.String assetPath) [0x0004e] in <8c5a8d07a8984a6fbb6ff8bbd8146fd5>:0 
  at Unity.XR.Oculus.OculusLoader.EditorLoadOVRPlugin () [0x0007b] in <8c5a8d07a8984a6fbb6ff8bbd8146fd5>:0 
  at (wrapper managed-to-native) System.Reflection.MonoMethod.InternalInvoke(System.Reflection.MonoMethod,object,object[],System.Exception&)
  at System.Reflection.MonoMethod.Invoke (System.Object obj, System.Reflection.BindingFlags invokeAttr, System.Reflection.Binder binder, System.Object[] parameters, System.Globalization.CultureInfo culture) [0x00032] in <695d1cc93cca45069c528c15c9fdd749>:0 
   --- End of inner exception stack trace ---
  at System.Reflection.MonoMethod.Invoke (System.Object obj, System.Reflection.BindingFlags invokeAttr, System.Reflection.Binder binder, System.Object[] parameters, System.Globalization.CultureInfo culture) [0x00048] in <695d1cc93cca45069c528c15c9fdd749>:0 
  at System.Reflection.MethodBase.Invoke (System.Object obj, System.Object[] parameters) [0x00000] in <695d1cc93cca45069c528c15c9fdd749>:0 
  at UnityEditor.EditorAssemblies.ProcessInitializeOnLoadMethodAttributes () [0x00047] in <294703faec74477f8b275446429fba82>:0 
UnityEngine.StackTraceUtility:ExtractStackTrace ()
UnityEngine.DebugLogHandler:LogFormat (UnityEngine.LogType,UnityEngine.Object,string,object[])
UnityEngine.Logger:Log (UnityEngine.LogType,object)
UnityEngine.Debug:LogError (object)
UnityEditor.EditorAssemblies:ProcessInitializeOnLoadMethodAttributes ()

Mono: successfully reloaded assembly
- Completed reload, in  1.319 seconds
Domain Reload Profiling:
	ReloadAssembly (1319ms)
		BeginReloadAssembly (106ms)
			ExecutionOrderSort (0ms)
			DisableScriptedObjects (4ms)
			BackupInstance (0ms)
			ReleaseScriptingObjects (0ms)
			CreateAndSetChildDomain (15ms)
		EndReloadAssembly (1170ms)
			LoadAssemblies (100ms)
			RebuildTransferFunctionScriptingTraits (0ms)
			SetupTypeCache (215ms)
			ReleaseScriptCaches (0ms)
			RebuildScriptCaches (37ms)
			SetupLoadedEditorAssemblies (736ms)
				LogAssemblyErrors (0ms)
				InitializePlatformSupportModulesInManaged (3ms)
				SetLoadedEditorAssemblies (0ms)
				RefreshPlugins (50ms)
				BeforeProcessingInitializeOnLoad (67ms)
				ProcessInitializeOnLoadAttributes (595ms)
				ProcessInitializeOnLoadMethodAttributes (16ms)
				AfterProcessingInitializeOnLoad (5ms)
				EditorAssembliesLoaded (0ms)
			ExecutionOrderSort2 (0ms)
			AwakeInstancesAfterBackupRestoration (4ms)
Platform modules already initialized, skipping
========================================================================
Worker process is ready to serve import requests
Launched and connected shader compiler UnityShaderCompiler.exe after 0.03 seconds
Refreshing native plugins compatible for Editor in 0.85 ms, found 10 plugins.
Preloading 1 native plugins for Editor in 0.05 ms.
Unloading 3024 Unused Serialized files (Serialized files now loaded: 0)
System memory in use before: 158.1 MB.
System memory in use after: 158.3 MB.

Unloading 44 unused Assets to reduce memory usage. Loaded Objects now: 3477.
Total: 3.066900 ms (FindLiveObjects: 0.219700 ms CreateObjectMapping: 0.079500 ms MarkObjects: 2.677400 ms  DeleteObjects: 0.089700 ms)

AssetImportParameters requested are different than current active one (requested -> active):
  custom:framework-win-MediaFoundation: 216162199b28c13a410421893ffa2e32 -> 
  custom:video-decoder-ogg-theora: a1e56fd34408186e4bbccfd4996cb3dc -> 
  custom:container-muxer-webm: aa71ff27fc2769a1b78a27578f13a17b -> 
  custom:container-demuxer-webm: 4f35f7cbe854078d1ac9338744f61a02 -> 
  custom:container-demuxer-ogg: 62fdf1f143b41e24485cea50d1cbac27 -> 
  custom:video-encoder-webm-vp8: eb34c28f22e8b96e1ab97ce403110664 -> 
  custom:video-decoder-webm-vp8: 9c59270c3fd7afecdb556c50c9e8de78 -> 
  custom:audio-decoder-ogg-vorbis: bf7c407c2cedff20999df2af8eb42d56 -> 
  custom:audio-encoder-webm-vorbis: bf7c407c2cedff20999df2af8eb42d56 -> 
========================================================================
Received Import Request.
  path: Assets/Scenes/1_Plaza.unity
  artifactKey: Guid(fc68c8fcc0799844985ce949f2781133) Importer(815301076,1909f56bfc062723c751e8b465ee728b)
Start importing Assets/Scenes/1_Plaza.unity using Guid(fc68c8fcc0799844985ce949f2781133) Importer(815301076,1909f56bfc062723c751e8b465ee728b)  -> (artifact id: '011fc0d3dc82fec9aee98be95728091a') in 0.004469 seconds 
========================================================================
Received Import Request.
  Time since last request: 0.000133 seconds.
  path: Assets/Scenes/3_VR_Disco1.unity
  artifactKey: Guid(ba80b08ed77faeb42b72d84f916b3efe) Importer(815301076,1909f56bfc062723c751e8b465ee728b)
Start importing Assets/Scenes/3_VR_Disco1.unity using Guid(ba80b08ed77faeb42b72d84f916b3efe) Importer(815301076,1909f56bfc062723c751e8b465ee728b)  -> (artifact id: 'a00420b5df56d1044f2f4f53aaba3717') in 0.000938 seconds 
========================================================================
Received Prepare
Registering precompiled user dll's ...
Registered in 0.004884 seconds.
Begin MonoManager ReloadAssembly
Symbol file data-000001E2F7725620 doesn't match image D:\Unity Projects\MetaXSP\Pentagrama\Discos_VR\Library\ScriptAssemblies\Unity.VSCode.Editor.dll
Symbol file LoadedFromMemory is not a mono symbol file
Symbol file data-000001E2F956A040 doesn't match image D:\Unity Projects\MetaXSP\Pentagrama\Discos_VR\Library\ScriptAssemblies\Unity.TextMeshPro.Editor.dll
Symbol file LoadedFromMemory is not a mono symbol file
Symbol file data-000001E2F3DC68B0 doesn't match image D:\Unity Projects\MetaXSP\Pentagrama\Discos_VR\Library\ScriptAssemblies\Unity.VisualStudio.Editor.dll
Symbol file LoadedFromMemory is not a mono symbol file
Symbol file data-000001E1223BF8D0 doesn't match image D:\Unity Projects\MetaXSP\Pentagrama\Discos_VR\Library\ScriptAssemblies\Unity.XR.OpenXR.Features.OculusQuestSupport.Editor.dll
Symbol file LoadedFromMemory is not a mono symbol file
Symbol file data-000001E2FC7DC040 doesn't match image D:\Unity Projects\MetaXSP\Pentagrama\Discos_VR\Library\ScriptAssemblies\UnityEngine.TestRunner.dll
Symbol file LoadedFromMemory is not a mono symbol file
Symbol file data-000001E2F7DA59C0 doesn't match image D:\Unity Projects\MetaXSP\Pentagrama\Discos_VR\Library\ScriptAssemblies\Siccity.GLTFUtility.dll
Symbol file LoadedFromMemory is not a mono symbol file
Symbol file data-000001E2F36E8010 doesn't match image D:\Unity Projects\MetaXSP\Pentagrama\Discos_VR\Library\ScriptAssemblies\Unity.Timeline.dll
Symbol file LoadedFromMemory is not a mono symbol file
Symbol file data-000001E2F3706030 doesn't match image D:\Unity Projects\MetaXSP\Pentagrama\Discos_VR\Library\ScriptAssemblies\Unity.TextMeshPro.dll
Symbol file LoadedFromMemory is not a mono symbol file
Symbol file data-000001E2F7DA59C0 doesn't match image D:\Unity Projects\MetaXSP\Pentagrama\Discos_VR\Library\ScriptAssemblies\Unity.Burst.Editor.dll
Symbol file LoadedFromMemory is not a mono symbol file
Symbol file data-000001E2FABC7020 doesn't match image D:\Unity Projects\MetaXSP\Pentagrama\Discos_VR\Library\ScriptAssemblies\UnityEditor.TestRunner.dll
Symbol file LoadedFromMemory is not a mono symbol file
Symbol file data-000001E2F7E70400 doesn't match image D:\Unity Projects\MetaXSP\Pentagrama\Discos_VR\Library\ScriptAssemblies\Unity.XR.Interaction.Toolkit.dll
Symbol file LoadedFromMemory is not a mono symbol file
Symbol file data-000001E1202B6CE0 doesn't match image D:\Unity Projects\MetaXSP\Pentagrama\Discos_VR\Library\ScriptAssemblies\Unity.XR.OpenXR.Features.MockRuntime.dll
Symbol file LoadedFromMemory is not a mono symbol file
Symbol file data-000001E2F7DA59C0 doesn't match image D:\Unity Projects\MetaXSP\Pentagrama\Discos_VR\Library\ScriptAssemblies\Unity.XR.Management.Editor.dll
Symbol file LoadedFromMemory is not a mono symbol file
Symbol file data-000001E122C68230 doesn't match image D:\Unity Projects\MetaXSP\Pentagrama\Discos_VR\Library\ScriptAssemblies\Unity.Subsystem.Registration.dll
Symbol file LoadedFromMemory is not a mono symbol file
Symbol file data-000001E2F3DC68B0 doesn't match image D:\Unity Projects\MetaXSP\Pentagrama\Discos_VR\Library\ScriptAssemblies\Unity.Postprocessing.Editor.dll
Symbol file LoadedFromMemory is not a mono symbol file
Symbol file data-000001E2F3DC68B0 doesn't match image D:\Unity Projects\MetaXSP\Pentagrama\Discos_VR\Library\ScriptAssemblies\UnityEditor.UI.dll
Symbol file LoadedFromMemory is not a mono symbol file
Symbol file data-000001E2F7618010 doesn't match image D:\Unity Projects\MetaXSP\Pentagrama\Discos_VR\Library\ScriptAssemblies\Unity.InputSystem.dll
Symbol file LoadedFromMemory is not a mono symbol file
Symbol file data-000001E2F38FDBE0 doesn't match image D:\Unity Projects\MetaXSP\Pentagrama\Discos_VR\Library\ScriptAssemblies\Unity.Rider.Editor.dll
Symbol file LoadedFromMemory is not a mono symbol file
Symbol file data-000001E2F3752510 doesn't match image D:\Unity Projects\MetaXSP\Pentagrama\Discos_VR\Library\ScriptAssemblies\Unity.PlasticSCM.Editor.dll
Symbol file LoadedFromMemory is not a mono symbol file
Symbol file data-000001E2F801ED00 doesn't match image D:\Unity Projects\MetaXSP\Pentagrama\Discos_VR\Library\ScriptAssemblies\Unity.XR.OpenXR.Features.OculusQuestSupport.dll
Symbol file LoadedFromMemory is not a mono symbol file
Symbol file data-000001E122CC2530 doesn't match image D:\Unity Projects\MetaXSP\Pentagrama\Discos_VR\Library\ScriptAssemblies\UnityEngine.SpatialTracking.dll
Symbol file LoadedFromMemory is not a mono symbol file
Symbol file data-000001E2F7C4DCF0 doesn't match image D:\Unity Projects\MetaXSP\Pentagrama\Discos_VR\Library\ScriptAssemblies\UnityEngine.UI.dll
Symbol file LoadedFromMemory is not a mono symbol file
Symbol file data-000001E2F31A59F0 doesn't match image D:\Unity Projects\MetaXSP\Pentagrama\Discos_VR\Library\ScriptAssemblies\Siccity.GLTFUtility.Editor.dll
Symbol file LoadedFromMemory is not a mono symbol file
Symbol file data-000001E2F7F1C220 doesn't match image D:\Unity Projects\MetaXSP\Pentagrama\Discos_VR\Library\ScriptAssemblies\Unity.Animation.Rigging.dll
Symbol file LoadedFromMemory is not a mono symbol file
Symbol file data-000001E2FB14A050 doesn't match image D:\Unity Projects\MetaXSP\Pentagrama\Discos_VR\Library\ScriptAssemblies\Unity.Mathematics.dll
Symbol file LoadedFromMemory is not a mono symbol file
Symbol file data-000001E2F73FFA30 doesn't match image D:\Unity Projects\MetaXSP\Pentagrama\Discos_VR\Library\ScriptAssemblies\Unity.XR.CoreUtils.Editor.dll
Symbol file LoadedFromMemory is not a mono symbol file
Symbol file data-000001E2F7DA59C0 doesn't match image D:\Unity Projects\MetaXSP\Pentagrama\Discos_VR\Library\ScriptAssemblies\Unity.Services.Core.Editor.dll
Symbol file LoadedFromMemory is not a mono symbol file
Symbol file data-000001E2FB46C020 doesn't match image D:\Unity Projects\MetaXSP\Pentagrama\Discos_VR\Library\ScriptAssemblies\Unity.Burst.dll
Symbol file LoadedFromMemory is not a mono symbol file
Symbol file data-000001E2F3A3B030 doesn't match image D:\Unity Projects\MetaXSP\Pentagrama\Discos_VR\Library\ScriptAssemblies\Unity.Postprocessing.Runtime.dll
Symbol file LoadedFromMemory is not a mono symbol file
Symbol file data-000001E2FD513340 doesn't match image D:\Unity Projects\MetaXSP\Pentagrama\Discos_VR\Library\ScriptAssemblies\UnityEngine.XR.LegacyInputHelpers.dll
Symbol file LoadedFromMemory is not a mono symbol file
Symbol file data-000001E2F8C7CE40 doesn't match image D:\Unity Projects\MetaXSP\Pentagrama\Discos_VR\Library\ScriptAssemblies\Unity.XR.OpenXR.Editor.dll
Symbol file LoadedFromMemory is not a mono symbol file
Symbol file data-000001E2F365C440 doesn't match image D:\Unity Projects\MetaXSP\Pentagrama\Discos_VR\Library\ScriptAssemblies\ReadyPlayerMe.dll
Symbol file LoadedFromMemory is not a mono symbol file
Symbol file data-000001E2FC541220 doesn't match image D:\Unity Projects\MetaXSP\Pentagrama\Discos_VR\Library\ScriptAssemblies\WebView.dll
Symbol file LoadedFromMemory is not a mono symbol file
Symbol file data-000001E2F7F39010 doesn't match image D:\Unity Projects\MetaXSP\Pentagrama\Discos_VR\Library\ScriptAssemblies\Unity.Timeline.Editor.dll
Symbol file LoadedFromMemory is not a mono symbol file
Symbol file data-000001E2F7230080 doesn't match image D:\Unity Projects\MetaXSP\Pentagrama\Discos_VR\Library\ScriptAssemblies\ReadyPlayerMe.Editor.dll
Symbol file LoadedFromMemory is not a mono symbol file
Symbol file data-000001E2F90B4020 doesn't match image D:\Unity Projects\MetaXSP\Pentagrama\Discos_VR\Library\ScriptAssemblies\Unity.XR.CoreUtils.dll
Symbol file LoadedFromMemory is not a mono symbol file
Symbol file data-000001E2F3C65050 doesn't match image D:\Unity Projects\MetaXSP\Pentagrama\Discos_VR\Library\ScriptAssemblies\UnityEditor.XR.LegacyInputHelpers.dll
Symbol file LoadedFromMemory is not a mono symbol file
Symbol file data-000001E2FC541220 doesn't match image D:\Unity Projects\MetaXSP\Pentagrama\Discos_VR\Library\ScriptAssemblies\Unity.XR.Management.dll
Symbol file LoadedFromMemory is not a mono symbol file
Symbol file data-000001E2F7230080 doesn't match image D:\Unity Projects\MetaXSP\Pentagrama\Discos_VR\Library\ScriptAssemblies\Unity.Mathematics.Editor.dll
Symbol file LoadedFromMemory is not a mono symbol file
Symbol file data-000001E120062030 doesn't match image D:\Unity Projects\MetaXSP\Pentagrama\Discos_VR\Library\ScriptAssemblies\Unity.CollabProxy.Editor.dll
Symbol file LoadedFromMemory is not a mono symbol file
Symbol file data-000001E2F3C65050 doesn't match image D:\Unity Projects\MetaXSP\Pentagrama\Discos_VR\Library\ScriptAssemblies\Unity.XR.OpenXR.Features.RuntimeDebugger.dll
Symbol file LoadedFromMemory is not a mono symbol file
Symbol file data-000001E1200F2AF0 doesn't match image D:\Unity Projects\MetaXSP\Pentagrama\Discos_VR\Library\ScriptAssemblies\ReadyPlayerMe.Extras.Editor.dll
Symbol file LoadedFromMemory is not a mono symbol file
Symbol file data-000001E2F7DFE440 doesn't match image D:\Unity Projects\MetaXSP\Pentagrama\Discos_VR\Library\ScriptAssemblies\Unity.XR.Oculus.Editor.dll
Symbol file LoadedFromMemory is not a mono symbol file
Symbol file data-000001E2F9028020 doesn't match image D:\Unity Projects\MetaXSP\Pentagrama\Discos_VR\Library\ScriptAssemblies\Unity.XR.OpenXR.dll
Symbol file LoadedFromMemory is not a mono symbol file
Symbol file data-000001E120F242F0 doesn't match image D:\Unity Projects\MetaXSP\Pentagrama\Discos_VR\Library\ScriptAssemblies\UnityEditor.SpatialTracking.dll
Symbol file LoadedFromMemory is not a mono symbol file
Symbol file data-000001E2F36DB230 doesn't match image D:\Unity Projects\MetaXSP\Pentagrama\Discos_VR\Library\ScriptAssemblies\Unity.Animation.Rigging.Editor.dll
Symbol file LoadedFromMemory is not a mono symbol file
Symbol file data-000001E2FD055460 doesn't match image D:\Unity Projects\MetaXSP\Pentagrama\Discos_VR\Library\ScriptAssemblies\Unity.XR.OpenXR.Features.ConformanceAutomation.dll
Symbol file LoadedFromMemory is not a mono symbol file
Symbol file data-000001E2F9028020 doesn't match image D:\Unity Projects\MetaXSP\Pentagrama\Discos_VR\Library\ScriptAssemblies\Unity.XR.Interaction.Toolkit.Editor.dll
Symbol file LoadedFromMemory is not a mono symbol file
Symbol file data-000001E2F9578340 doesn't match image D:\Unity Projects\MetaXSP\Pentagrama\Discos_VR\Library\ScriptAssemblies\Unity.XR.OpenXR.Features.RuntimeDebugger.Editor.dll
Symbol file LoadedFromMemory is not a mono symbol file
Symbol file data-000001E2F3A64370 doesn't match image D:\Unity Projects\MetaXSP\Pentagrama\Discos_VR\Library\ScriptAssemblies\Unity.XR.Oculus.dll
Symbol file LoadedFromMemory is not a mono symbol file
Native extension for WindowsStandalone target not found
Native extension for WebGL target not found
Refreshing native plugins compatible for Editor in 1.01 ms, found 10 plugins.
Preloading 1 native plugins for Editor in 0.07 ms.
System.Reflection.TargetInvocationException: Exception has been thrown by the target of an invocation. ---> System.NullReferenceException: Object reference not set to an instance of an object
  at Unity.XR.Oculus.OculusLoader.AssetPathToAbsolutePath (System.String assetPath) [0x0004e] in <8c5a8d07a8984a6fbb6ff8bbd8146fd5>:0 
  at Unity.XR.Oculus.OculusLoader.EditorLoadOVRPlugin () [0x0007b] in <8c5a8d07a8984a6fbb6ff8bbd8146fd5>:0 
  at (wrapper managed-to-native) System.Reflection.MonoMethod.InternalInvoke(System.Reflection.MonoMethod,object,object[],System.Exception&)
  at System.Reflection.MonoMethod.Invoke (System.Object obj, System.Reflection.BindingFlags invokeAttr, System.Reflection.Binder binder, System.Object[] parameters, System.Globalization.CultureInfo culture) [0x00032] in <695d1cc93cca45069c528c15c9fdd749>:0 
   --- End of inner exception stack trace ---
  at System.Reflection.MonoMethod.Invoke (System.Object obj, System.Reflection.BindingFlags invokeAttr, System.Reflection.Binder binder, System.Object[] parameters, System.Globalization.CultureInfo culture) [0x00048] in <695d1cc93cca45069c528c15c9fdd749>:0 
  at System.Reflection.MethodBase.Invoke (System.Object obj, System.Object[] parameters) [0x00000] in <695d1cc93cca45069c528c15c9fdd749>:0 
  at UnityEditor.EditorAssemblies.ProcessInitializeOnLoadMethodAttributes () [0x00047] in <294703faec74477f8b275446429fba82>:0 
UnityEngine.StackTraceUtility:ExtractStackTrace ()
UnityEngine.DebugLogHandler:LogFormat (UnityEngine.LogType,UnityEngine.Object,string,object[])
UnityEngine.Logger:Log (UnityEngine.LogType,object)
UnityEngine.Debug:LogError (object)
UnityEditor.EditorAssemblies:ProcessInitializeOnLoadMethodAttributes ()

Mono: successfully reloaded assembly
- Completed reload, in  1.161 seconds
Domain Reload Profiling:
	ReloadAssembly (1161ms)
		BeginReloadAssembly (121ms)
			ExecutionOrderSort (0ms)
			DisableScriptedObjects (4ms)
			BackupInstance (0ms)
			ReleaseScriptingObjects (0ms)
			CreateAndSetChildDomain (39ms)
		EndReloadAssembly (992ms)
			LoadAssemblies (98ms)
			RebuildTransferFunctionScriptingTraits (0ms)
			SetupTypeCache (263ms)
			ReleaseScriptCaches (1ms)
			RebuildScriptCaches (36ms)
			SetupLoadedEditorAssemblies (513ms)
				LogAssemblyErrors (0ms)
				InitializePlatformSupportModulesInManaged (4ms)
				SetLoadedEditorAssemblies (0ms)
				RefreshPlugins (1ms)
				BeforeProcessingInitializeOnLoad (76ms)
				ProcessInitializeOnLoadAttributes (403ms)
				ProcessInitializeOnLoadMethodAttributes (23ms)
				AfterProcessingInitializeOnLoad (6ms)
				EditorAssembliesLoaded (0ms)
			ExecutionOrderSort2 (0ms)
			AwakeInstancesAfterBackupRestoration (6ms)
Platform modules already initialized, skipping
Switching build target platform(19) subTarget(0) extendedPlatform(0) -> platform(13) subTarget(524288) extendedPlatform(0)
Refreshing native plugins compatible for Editor in 1.47 ms, found 10 plugins.
Preloading 1 native plugins for Editor in 0.12 ms.
Unloading 2952 Unused Serialized files (Serialized files now loaded: 0)
System memory in use before: 150.3 MB.
System memory in use after: 150.5 MB.

Unloading 37 unused Assets to reduce memory usage. Loaded Objects now: 3481.
Total: 6.491700 ms (FindLiveObjects: 0.645400 ms CreateObjectMapping: 0.601400 ms MarkObjects: 5.173900 ms  DeleteObjects: 0.068800 ms)

AssetImportParameters requested are different than current active one (requested -> active):
  custom:framework-win-MediaFoundation: 216162199b28c13a410421893ffa2e32 -> 
  custom:video-decoder-ogg-theora: a1e56fd34408186e4bbccfd4996cb3dc -> 
  custom:container-muxer-webm: aa71ff27fc2769a1b78a27578f13a17b -> 
  custom:container-demuxer-webm: 4f35f7cbe854078d1ac9338744f61a02 -> 
  custom:container-demuxer-ogg: 62fdf1f143b41e24485cea50d1cbac27 -> 
  custom:video-encoder-webm-vp8: eb34c28f22e8b96e1ab97ce403110664 -> 
  custom:video-decoder-webm-vp8: 9c59270c3fd7afecdb556c50c9e8de78 -> 
  custom:graphics/normal-map-encoding: 01000000000000000000000000000000 -> 02000000000000000000000000000000
  custom:audio-decoder-ogg-vorbis: bf7c407c2cedff20999df2af8eb42d56 -> 
  custom:audio-encoder-webm-vorbis: bf7c407c2cedff20999df2af8eb42d56 -> 
========================================================================
Received Prepare
Registering precompiled user dll's ...
Registered in 0.004552 seconds.
Begin MonoManager ReloadAssembly
Symbol file data-000001E2F76AB840 doesn't match image D:\Unity Projects\MetaXSP\Pentagrama\Discos_VR\Library\ScriptAssemblies\Unity.VSCode.Editor.dll
Symbol file LoadedFromMemory is not a mono symbol file
Symbol file data-000001E120062030 doesn't match image D:\Unity Projects\MetaXSP\Pentagrama\Discos_VR\Library\ScriptAssemblies\Unity.TextMeshPro.Editor.dll
Symbol file LoadedFromMemory is not a mono symbol file
Symbol file data-000001E2FBADE060 doesn't match image D:\Unity Projects\MetaXSP\Pentagrama\Discos_VR\Library\ScriptAssemblies\Unity.VisualStudio.Editor.dll
Symbol file LoadedFromMemory is not a mono symbol file
Symbol file data-000001E1206F10A0 doesn't match image D:\Unity Projects\MetaXSP\Pentagrama\Discos_VR\Library\ScriptAssemblies\Unity.XR.OpenXR.Features.OculusQuestSupport.Editor.dll
Symbol file LoadedFromMemory is not a mono symbol file
Symbol file data-000001E2FC7DC040 doesn't match image D:\Unity Projects\MetaXSP\Pentagrama\Discos_VR\Library\ScriptAssemblies\UnityEngine.TestRunner.dll
Symbol file LoadedFromMemory is not a mono symbol file
Symbol file data-000001E2FBADE060 doesn't match image D:\Unity Projects\MetaXSP\Pentagrama\Discos_VR\Library\ScriptAssemblies\Siccity.GLTFUtility.dll
Symbol file LoadedFromMemory is not a mono symbol file
Symbol file data-000001E2F771A010 doesn't match image D:\Unity Projects\MetaXSP\Pentagrama\Discos_VR\Library\ScriptAssemblies\Unity.Timeline.dll
Symbol file LoadedFromMemory is not a mono symbol file
Symbol file data-000001E1233BE020 doesn't match image D:\Unity Projects\MetaXSP\Pentagrama\Discos_VR\Library\ScriptAssemblies\Unity.TextMeshPro.dll
Symbol file LoadedFromMemory is not a mono symbol file
Symbol file data-000001E2F7DA59C0 doesn't match image D:\Unity Projects\MetaXSP\Pentagrama\Discos_VR\Library\ScriptAssemblies\Unity.Burst.Editor.dll
Symbol file LoadedFromMemory is not a mono symbol file
Symbol file data-000001E2FADEE020 doesn't match image D:\Unity Projects\MetaXSP\Pentagrama\Discos_VR\Library\ScriptAssemblies\UnityEditor.TestRunner.dll
Symbol file LoadedFromMemory is not a mono symbol file
Symbol file data-000001E2F8713010 doesn't match image D:\Unity Projects\MetaXSP\Pentagrama\Discos_VR\Library\ScriptAssemblies\Unity.XR.Interaction.Toolkit.dll
Symbol file LoadedFromMemory is not a mono symbol file
Symbol file data-000001E1202B44A0 doesn't match image D:\Unity Projects\MetaXSP\Pentagrama\Discos_VR\Library\ScriptAssemblies\Unity.XR.OpenXR.Features.MockRuntime.dll
Symbol file LoadedFromMemory is not a mono symbol file
Symbol file data-000001E2FC6CFA80 doesn't match image D:\Unity Projects\MetaXSP\Pentagrama\Discos_VR\Library\ScriptAssemblies\Unity.XR.Management.Editor.dll
Symbol file LoadedFromMemory is not a mono symbol file
Symbol file data-000001E2EDF2AF00 doesn't match image D:\Unity Projects\MetaXSP\Pentagrama\Discos_VR\Library\ScriptAssemblies\Unity.Subsystem.Registration.dll
Symbol file LoadedFromMemory is not a mono symbol file
Symbol file data-000001E2FBADE060 doesn't match image D:\Unity Projects\MetaXSP\Pentagrama\Discos_VR\Library\ScriptAssemblies\Unity.Postprocessing.Editor.dll
Symbol file LoadedFromMemory is not a mono symbol file
Symbol file data-000001E2F8727A20 doesn't match image D:\Unity Projects\MetaXSP\Pentagrama\Discos_VR\Library\ScriptAssemblies\UnityEditor.UI.dll
Symbol file LoadedFromMemory is not a mono symbol file
Symbol file data-000001E2FD8F7010 doesn't match image D:\Unity Projects\MetaXSP\Pentagrama\Discos_VR\Library\ScriptAssemblies\Unity.InputSystem.dll
Symbol file LoadedFromMemory is not a mono symbol file
Symbol file data-000001E2F7DA59C0 doesn't match image D:\Unity Projects\MetaXSP\Pentagrama\Discos_VR\Library\ScriptAssemblies\Unity.Rider.Editor.dll
Symbol file LoadedFromMemory is not a mono symbol file
Symbol file data-000001E2F3752510 doesn't match image D:\Unity Projects\MetaXSP\Pentagrama\Discos_VR\Library\ScriptAssemblies\Unity.PlasticSCM.Editor.dll
Symbol file LoadedFromMemory is not a mono symbol file
Symbol file data-000001E12066F290 doesn't match image D:\Unity Projects\MetaXSP\Pentagrama\Discos_VR\Library\ScriptAssemblies\Unity.XR.OpenXR.Features.OculusQuestSupport.dll
Symbol file LoadedFromMemory is not a mono symbol file
Symbol file data-000001E122CC6F20 doesn't match image D:\Unity Projects\MetaXSP\Pentagrama\Discos_VR\Library\ScriptAssemblies\UnityEngine.SpatialTracking.dll
Symbol file LoadedFromMemory is not a mono symbol file
Symbol file data-000001E2FC29D040 doesn't match image D:\Unity Projects\MetaXSP\Pentagrama\Discos_VR\Library\ScriptAssemblies\UnityEngine.UI.dll
Symbol file LoadedFromMemory is not a mono symbol file
Symbol file data-000001E2FB339630 doesn't match image D:\Unity Projects\MetaXSP\Pentagrama\Discos_VR\Library\ScriptAssemblies\Siccity.GLTFUtility.Editor.dll
Symbol file LoadedFromMemory is not a mono symbol file
Symbol file data-000001E2FC7DC040 doesn't match image D:\Unity Projects\MetaXSP\Pentagrama\Discos_VR\Library\ScriptAssemblies\Unity.Animation.Rigging.dll
Symbol file LoadedFromMemory is not a mono symbol file
Symbol file data-000001E2FB14A050 doesn't match image D:\Unity Projects\MetaXSP\Pentagrama\Discos_VR\Library\ScriptAssemblies\Unity.Mathematics.dll
Symbol file LoadedFromMemory is not a mono symbol file
Symbol file data-000001E2FC181020 doesn't match image D:\Unity Projects\MetaXSP\Pentagrama\Discos_VR\Library\ScriptAssemblies\Unity.XR.CoreUtils.Editor.dll
Symbol file LoadedFromMemory is not a mono symbol file
Symbol file data-000001E2F7DA59C0 doesn't match image D:\Unity Projects\MetaXSP\Pentagrama\Discos_VR\Library\ScriptAssemblies\Unity.Services.Core.Editor.dll
Symbol file LoadedFromMemory is not a mono symbol file
Symbol file data-000001E2FABC7020 doesn't match image D:\Unity Projects\MetaXSP\Pentagrama\Discos_VR\Library\ScriptAssemblies\Unity.Burst.dll
Symbol file LoadedFromMemory is not a mono symbol file
Symbol file data-000001E2F771A010 doesn't match image D:\Unity Projects\MetaXSP\Pentagrama\Discos_VR\Library\ScriptAssemblies\Unity.Postprocessing.Runtime.dll
Symbol file LoadedFromMemory is not a mono symbol file
Symbol file data-000001E2FC3D6D00 doesn't match image D:\Unity Projects\MetaXSP\Pentagrama\Discos_VR\Library\ScriptAssemblies\UnityEngine.XR.LegacyInputHelpers.dll
Symbol file LoadedFromMemory is not a mono symbol file
Symbol file data-000001E148682270 doesn't match image D:\Unity Projects\MetaXSP\Pentagrama\Discos_VR\Library\ScriptAssemblies\Unity.XR.OpenXR.Editor.dll
Symbol file LoadedFromMemory is not a mono symbol file
Symbol file data-000001E2F781A420 doesn't match image D:\Unity Projects\MetaXSP\Pentagrama\Discos_VR\Library\ScriptAssemblies\ReadyPlayerMe.dll
Symbol file LoadedFromMemory is not a mono symbol file
Symbol file data-000001E2F7604C30 doesn't match image D:\Unity Projects\MetaXSP\Pentagrama\Discos_VR\Library\ScriptAssemblies\WebView.dll
Symbol file LoadedFromMemory is not a mono symbol file
Symbol file data-000001E2F7DBE020 doesn't match image D:\Unity Projects\MetaXSP\Pentagrama\Discos_VR\Library\ScriptAssemblies\Unity.Timeline.Editor.dll
Symbol file LoadedFromMemory is not a mono symbol file
Symbol file data-000001E2F88B5040 doesn't match image D:\Unity Projects\MetaXSP\Pentagrama\Discos_VR\Library\ScriptAssemblies\ReadyPlayerMe.Editor.dll
Symbol file LoadedFromMemory is not a mono symbol file
Symbol file data-000001E2F90B4020 doesn't match image D:\Unity Projects\MetaXSP\Pentagrama\Discos_VR\Library\ScriptAssemblies\Unity.XR.CoreUtils.dll
Symbol file LoadedFromMemory is not a mono symbol file
Symbol file data-000001E2FB339630 doesn't match image D:\Unity Projects\MetaXSP\Pentagrama\Discos_VR\Library\ScriptAssemblies\UnityEditor.XR.LegacyInputHelpers.dll
Symbol file LoadedFromMemory is not a mono symbol file
Symbol file data-000001E2F7604C30 doesn't match image D:\Unity Projects\MetaXSP\Pentagrama\Discos_VR\Library\ScriptAssemblies\Unity.XR.Management.dll
Symbol file LoadedFromMemory is not a mono symbol file
Symbol file data-000001E2F88B5040 doesn't match image D:\Unity Projects\MetaXSP\Pentagrama\Discos_VR\Library\ScriptAssemblies\Unity.Mathematics.Editor.dll
Symbol file LoadedFromMemory is not a mono symbol file
Symbol file data-000001E2F771A010 doesn't match image D:\Unity Projects\MetaXSP\Pentagrama\Discos_VR\Library\ScriptAssemblies\Unity.CollabProxy.Editor.dll
Symbol file LoadedFromMemory is not a mono symbol file
Symbol file data-000001E2FB339630 doesn't match image D:\Unity Projects\MetaXSP\Pentagrama\Discos_VR\Library\ScriptAssemblies\Unity.XR.OpenXR.Features.RuntimeDebugger.dll
Symbol file LoadedFromMemory is not a mono symbol file
Symbol file data-000001E1200F82A0 doesn't match image D:\Unity Projects\MetaXSP\Pentagrama\Discos_VR\Library\ScriptAssemblies\ReadyPlayerMe.Extras.Editor.dll
Symbol file LoadedFromMemory is not a mono symbol file
Symbol file data-000001E2F7604C30 doesn't match image D:\Unity Projects\MetaXSP\Pentagrama\Discos_VR\Library\ScriptAssemblies\Unity.XR.Oculus.Editor.dll
Symbol file LoadedFromMemory is not a mono symbol file
Symbol file data-000001E2F734E030 doesn't match image D:\Unity Projects\MetaXSP\Pentagrama\Discos_VR\Library\ScriptAssemblies\Unity.XR.OpenXR.dll
Symbol file LoadedFromMemory is not a mono symbol file
Symbol file data-000001E120F242F0 doesn't match image D:\Unity Projects\MetaXSP\Pentagrama\Discos_VR\Library\ScriptAssemblies\UnityEditor.SpatialTracking.dll
Symbol file LoadedFromMemory is not a mono symbol file
Symbol file data-000001E2F734E030 doesn't match image D:\Unity Projects\MetaXSP\Pentagrama\Discos_VR\Library\ScriptAssemblies\Unity.Animation.Rigging.Editor.dll
Symbol file LoadedFromMemory is not a mono symbol file
Symbol file data-000001E2FD057C60 doesn't match image D:\Unity Projects\MetaXSP\Pentagrama\Discos_VR\Library\ScriptAssemblies\Unity.XR.OpenXR.Features.ConformanceAutomation.dll
Symbol file LoadedFromMemory is not a mono symbol file
Symbol file data-000001E2F734E030 doesn't match image D:\Unity Projects\MetaXSP\Pentagrama\Discos_VR\Library\ScriptAssemblies\Unity.XR.Interaction.Toolkit.Editor.dll
Symbol file LoadedFromMemory is not a mono symbol file
Symbol file data-000001E2FB11E890 doesn't match image D:\Unity Projects\MetaXSP\Pentagrama\Discos_VR\Library\ScriptAssemblies\Unity.XR.OpenXR.Features.RuntimeDebugger.Editor.dll
Symbol file LoadedFromMemory is not a mono symbol file
Symbol file data-000001E2F3A64370 doesn't match image D:\Unity Projects\MetaXSP\Pentagrama\Discos_VR\Library\ScriptAssemblies\Unity.XR.Oculus.dll
Symbol file LoadedFromMemory is not a mono symbol file
Native extension for WindowsStandalone target not found
Native extension for WebGL target not found
Refreshing native plugins compatible for Editor in 0.88 ms, found 10 plugins.
Preloading 1 native plugins for Editor in 0.05 ms.
System.Reflection.TargetInvocationException: Exception has been thrown by the target of an invocation. ---> System.NullReferenceException: Object reference not set to an instance of an object
  at Unity.XR.Oculus.OculusLoader.AssetPathToAbsolutePath (System.String assetPath) [0x0004e] in <8c5a8d07a8984a6fbb6ff8bbd8146fd5>:0 
  at Unity.XR.Oculus.OculusLoader.EditorLoadOVRPlugin () [0x0007b] in <8c5a8d07a8984a6fbb6ff8bbd8146fd5>:0 
  at (wrapper managed-to-native) System.Reflection.MonoMethod.InternalInvoke(System.Reflection.MonoMethod,object,object[],System.Exception&)
  at System.Reflection.MonoMethod.Invoke (System.Object obj, System.Reflection.BindingFlags invokeAttr, System.Reflection.Binder binder, System.Object[] parameters, System.Globalization.CultureInfo culture) [0x00032] in <695d1cc93cca45069c528c15c9fdd749>:0 
   --- End of inner exception stack trace ---
  at System.Reflection.MonoMethod.Invoke (System.Object obj, System.Reflection.BindingFlags invokeAttr, System.Reflection.Binder binder, System.Object[] parameters, System.Globalization.CultureInfo culture) [0x00048] in <695d1cc93cca45069c528c15c9fdd749>:0 
  at System.Reflection.MethodBase.Invoke (System.Object obj, System.Object[] parameters) [0x00000] in <695d1cc93cca45069c528c15c9fdd749>:0 
  at UnityEditor.EditorAssemblies.ProcessInitializeOnLoadMethodAttributes () [0x00047] in <294703faec74477f8b275446429fba82>:0 
UnityEngine.StackTraceUtility:ExtractStackTrace ()
UnityEngine.DebugLogHandler:LogFormat (UnityEngine.LogType,UnityEngine.Object,string,object[])
UnityEngine.Logger:Log (UnityEngine.LogType,object)
UnityEngine.Debug:LogError (object)
UnityEditor.EditorAssemblies:ProcessInitializeOnLoadMethodAttributes ()

Mono: successfully reloaded assembly
- Completed reload, in  0.915 seconds
Domain Reload Profiling:
	ReloadAssembly (916ms)
		BeginReloadAssembly (95ms)
			ExecutionOrderSort (0ms)
			DisableScriptedObjects (3ms)
			BackupInstance (0ms)
			ReleaseScriptingObjects (0ms)
			CreateAndSetChildDomain (31ms)
		EndReloadAssembly (778ms)
			LoadAssemblies (77ms)
			RebuildTransferFunctionScriptingTraits (0ms)
			SetupTypeCache (216ms)
			ReleaseScriptCaches (1ms)
			RebuildScriptCaches (29ms)
			SetupLoadedEditorAssemblies (383ms)
				LogAssemblyErrors (0ms)
				InitializePlatformSupportModulesInManaged (4ms)
				SetLoadedEditorAssemblies (0ms)
				RefreshPlugins (1ms)
				BeforeProcessingInitializeOnLoad (62ms)
				ProcessInitializeOnLoadAttributes (295ms)
				ProcessInitializeOnLoadMethodAttributes (16ms)
				AfterProcessingInitializeOnLoad (4ms)
				EditorAssembliesLoaded (0ms)
			ExecutionOrderSort2 (0ms)
			AwakeInstancesAfterBackupRestoration (4ms)
Platform modules already initialized, skipping
Switching build target platform(19) subTarget(0) extendedPlatform(0) -> platform(13) subTarget(524288) extendedPlatform(0)
Refreshing native plugins compatible for Editor in 0.89 ms, found 10 plugins.
Preloading 1 native plugins for Editor in 0.07 ms.
Unloading 2952 Unused Serialized files (Serialized files now loaded: 0)
System memory in use before: 150.4 MB.
System memory in use after: 150.6 MB.

Unloading 37 unused Assets to reduce memory usage. Loaded Objects now: 3485.
Total: 3.468300 ms (FindLiveObjects: 0.243000 ms CreateObjectMapping: 0.156500 ms MarkObjects: 3.040200 ms  DeleteObjects: 0.027700 ms)

AssetImportParameters requested are different than current active one (requested -> active):
  custom:framework-win-MediaFoundation: 216162199b28c13a410421893ffa2e32 -> 
  custom:video-decoder-ogg-theora: a1e56fd34408186e4bbccfd4996cb3dc -> 
  custom:container-muxer-webm: aa71ff27fc2769a1b78a27578f13a17b -> 
  custom:container-demuxer-webm: 4f35f7cbe854078d1ac9338744f61a02 -> 
  custom:container-demuxer-ogg: 62fdf1f143b41e24485cea50d1cbac27 -> 
  custom:video-encoder-webm-vp8: eb34c28f22e8b96e1ab97ce403110664 -> 
  custom:video-decoder-webm-vp8: 9c59270c3fd7afecdb556c50c9e8de78 -> 
  custom:graphics/normal-map-encoding: 01000000000000000000000000000000 -> 02000000000000000000000000000000
  custom:audio-decoder-ogg-vorbis: bf7c407c2cedff20999df2af8eb42d56 -> 
  custom:audio-encoder-webm-vorbis: bf7c407c2cedff20999df2af8eb42d56 -> 
========================================================================
Received Import Request.
  Time since last request: 2870.996222 seconds.
  path: Assets/2DArt/279751178_845110596446542_3011309819497293546_n.png
  artifactKey: Guid(daddff01ad276424c8d2fa12d78c48fb) Importer(815301076,1909f56bfc062723c751e8b465ee728b)
Start importing Assets/2DArt/279751178_845110596446542_3011309819497293546_n.png using Guid(daddff01ad276424c8d2fa12d78c48fb) Importer(815301076,1909f56bfc062723c751e8b465ee728b)  -> (artifact id: 'b48abd49ef7950b24afb1925520e0db2') in 0.077788 seconds 
========================================================================
Received Import Request.
  Time since last request: 1.066125 seconds.
  path: Assets/2DArt/278723191_713584793017303_5822803260941300864_n.png
  artifactKey: Guid(d6c24a97c85671842ad98bba8d642f10) Importer(815301076,1909f56bfc062723c751e8b465ee728b)
Start importing Assets/2DArt/278723191_713584793017303_5822803260941300864_n.png using Guid(d6c24a97c85671842ad98bba8d642f10) Importer(815301076,1909f56bfc062723c751e8b465ee728b)  -> (artifact id: '0aefff070737d253a162b6ef60af6ff6') in 0.025640 seconds 
========================================================================
Received Import Request.
  Time since last request: 5.366451 seconds.
  path: Assets/2DArt/278723191_713584793017303_5822803260941300864_n.png
  artifactKey: Guid(d6c24a97c85671842ad98bba8d642f10) Importer(815301076,1909f56bfc062723c751e8b465ee728b)
Start importing Assets/2DArt/278723191_713584793017303_5822803260941300864_n.png using Guid(d6c24a97c85671842ad98bba8d642f10) Importer(815301076,1909f56bfc062723c751e8b465ee728b)  -> (artifact id: 'b2553b7a067073ca350adef702a69da7') in 0.039415 seconds 
========================================================================
Received Import Request.
  Time since last request: 1.846704 seconds.
  path: Assets/2DArt/278236707_1678409199166237_2697301098764215030_n.png
  artifactKey: Guid(d584b53783440554b9f790a6a03d8825) Importer(815301076,1909f56bfc062723c751e8b465ee728b)
Start importing Assets/2DArt/278236707_1678409199166237_2697301098764215030_n.png using Guid(d584b53783440554b9f790a6a03d8825) Importer(815301076,1909f56bfc062723c751e8b465ee728b)  -> (artifact id: 'a32bd7650f6d42a46e4418ac86c0c177') in 0.009732 seconds 
========================================================================
Received Import Request.
  Time since last request: 23.777740 seconds.
  path: Assets/2DArt/Primavera.png
  artifactKey: Guid(d584b53783440554b9f790a6a03d8825) Importer(815301076,1909f56bfc062723c751e8b465ee728b)
Start importing Assets/2DArt/Primavera.png using Guid(d584b53783440554b9f790a6a03d8825) Importer(815301076,1909f56bfc062723c751e8b465ee728b)  -> (artifact id: 'fb4406f3c7434d361258263481116f93') in 0.013413 seconds 
========================================================================
Received Import Request.
  Time since last request: 13.095186 seconds.
  path: Assets/2DArt/279095980_1056515948554076_5649537832547698082_n.png
  artifactKey: Guid(4e077b4fb73cd0840a2c1d72c46e939e) Importer(815301076,1909f56bfc062723c751e8b465ee728b)
Start importing Assets/2DArt/279095980_1056515948554076_5649537832547698082_n.png using Guid(4e077b4fb73cd0840a2c1d72c46e939e) Importer(815301076,1909f56bfc062723c751e8b465ee728b)  -> (artifact id: '108a60a32358e375cc5eb886b6ace24e') in 0.023382 seconds 
========================================================================
Received Import Request.
  Time since last request: 6.197725 seconds.
  path: Assets/2DArt/Kafe.png
  artifactKey: Guid(4e077b4fb73cd0840a2c1d72c46e939e) Importer(815301076,1909f56bfc062723c751e8b465ee728b)
Start importing Assets/2DArt/Kafe.png using Guid(4e077b4fb73cd0840a2c1d72c46e939e) Importer(815301076,1909f56bfc062723c751e8b465ee728b)  -> (artifact id: '02ba3b23da61609163aeff22d012965c') in 0.029650 seconds 
========================================================================
Received Import Request.
  Time since last request: 2.665319 seconds.
  path: Assets/2DArt/279751178_845110596446542_3011309819497293546_n.png
  artifactKey: Guid(daddff01ad276424c8d2fa12d78c48fb) Importer(815301076,1909f56bfc062723c751e8b465ee728b)
Start importing Assets/2DArt/279751178_845110596446542_3011309819497293546_n.png using Guid(daddff01ad276424c8d2fa12d78c48fb) Importer(815301076,1909f56bfc062723c751e8b465ee728b)  -> (artifact id: '691fc2724ab97631688c055fee8243e7') in 0.023572 seconds 
========================================================================
Received Import Request.
  Time since last request: 31.872326 seconds.
  path: Assets/2DArt/Bar (2).png
  artifactKey: Guid(f4e4d43537e9a704f8805e0ec9476834) Importer(815301076,1909f56bfc062723c751e8b465ee728b)
Start importing Assets/2DArt/Bar (2).png using Guid(f4e4d43537e9a704f8805e0ec9476834) Importer(815301076,1909f56bfc062723c751e8b465ee728b)  -> (artifact id: '683d248141036aa6f1cf029cf7a886ff') in 0.007525 seconds 
========================================================================
Received Import Request.
  Time since last request: 13.830600 seconds.
  path: Assets/2DArt/Bar (2).png
  artifactKey: Guid(f4e4d43537e9a704f8805e0ec9476834) Importer(815301076,1909f56bfc062723c751e8b465ee728b)
Start importing Assets/2DArt/Bar (2).png using Guid(f4e4d43537e9a704f8805e0ec9476834) Importer(815301076,1909f56bfc062723c751e8b465ee728b)  -> (artifact id: 'adb4a754fa2e3efee6e478f560f394d6') in 0.011036 seconds 
========================================================================
Received Import Request.
  Time since last request: 5.346552 seconds.
  path: Assets/2DArt/Bar.png
  artifactKey: Guid(f4e4d43537e9a704f8805e0ec9476834) Importer(815301076,1909f56bfc062723c751e8b465ee728b)
Start importing Assets/2DArt/Bar.png using Guid(f4e4d43537e9a704f8805e0ec9476834) Importer(815301076,1909f56bfc062723c751e8b465ee728b)  -> (artifact id: '2eb46b233865882bd7b48f5e492ca54e') in 0.010945 seconds 
========================================================================
Received Import Request.
  Time since last request: 39.960734 seconds.
  path: Assets/Scenes/7_Primavera.unity
  artifactKey: Guid(75d7e9842d4110a4db7b7e294202f043) Importer(815301076,1909f56bfc062723c751e8b465ee728b)
Start importing Assets/Scenes/7_Primavera.unity using Guid(75d7e9842d4110a4db7b7e294202f043) Importer(815301076,1909f56bfc062723c751e8b465ee728b)  -> (artifact id: 'ad850c49cb84fd6e844e49ef641d8b52') in 0.001213 seconds 
========================================================================
Received Import Request.
  Time since last request: 7.601977 seconds.
  path: Assets/Scenes/2_Lobby.unity
  artifactKey: Guid(4598f13ec32fd9b48ad2bd825451646b) Importer(815301076,1909f56bfc062723c751e8b465ee728b)
Start importing Assets/Scenes/2_Lobby.unity using Guid(4598f13ec32fd9b48ad2bd825451646b) Importer(815301076,1909f56bfc062723c751e8b465ee728b)  -> (artifact id: '0685d203f1fab3526a8adc262e83ce6e') in 0.000981 seconds 
========================================================================
Received Import Request.
  Time since last request: 22.382691 seconds.
  path: Assets/2DArt/Scenario.png
  artifactKey: Guid(daddff01ad276424c8d2fa12d78c48fb) Importer(815301076,1909f56bfc062723c751e8b465ee728b)
Start importing Assets/2DArt/Scenario.png using Guid(daddff01ad276424c8d2fa12d78c48fb) Importer(815301076,1909f56bfc062723c751e8b465ee728b)  -> (artifact id: '1ee30ed4450d99088536ff8d045e279f') in 0.014686 seconds 
AssetImportWorkerClient::OnTransportError - code=2 error=End of file
