Using pre-set license
Built from '2021.2/staging' branch; Version is '2021.2.7f1 (6bd9e232123f) revision 7068130'; Using compiler version '192829333'; Build Type 'Release'
OS: 'Windows 10  (10.0.19044) 64bit Core' Language: 'es' Physical Memory: 28560 MB
BatchMode: 1, IsHumanControllingUs: 0, StartBugReporterOnCrash: 0, Is64bit: 1, IsPro: 0

COMMAND LINE ARGUMENTS:
C:\Program Files\Unity\Hub\Editor\2021.2.7f1\Editor\Unity.exe
-adb2
-batchMode
-noUpm
-name
AssetImportWorker0
-projectPath
D:/Unity Projects/MetaXSP/Pentagrama/Discos_VR
-logFile
Logs/AssetImportWorker0.log
-srvPort
51139
Successfully changed project path to: D:/Unity Projects/MetaXSP/Pentagrama/Discos_VR
D:/Unity Projects/MetaXSP/Pentagrama/Discos_VR
[UnityMemory] Configuration Parameters - Can be set up in boot.config
    "memorysetup-bucket-allocator-granularity=16"
    "memorysetup-bucket-allocator-bucket-count=8"
    "memorysetup-bucket-allocator-block-size=33554432"
    "memorysetup-bucket-allocator-block-count=8"
    "memorysetup-main-allocator-block-size=16777216"
    "memorysetup-thread-allocator-block-size=16777216"
    "memorysetup-gfx-main-allocator-block-size=16777216"
    "memorysetup-gfx-thread-allocator-block-size=16777216"
    "memorysetup-cache-allocator-block-size=4194304"
    "memorysetup-typetree-allocator-block-size=2097152"
    "memorysetup-profiler-bucket-allocator-granularity=16"
    "memorysetup-profiler-bucket-allocator-bucket-count=8"
    "memorysetup-profiler-bucket-allocator-block-size=33554432"
    "memorysetup-profiler-bucket-allocator-block-count=8"
    "memorysetup-profiler-allocator-block-size=16777216"
    "memorysetup-profiler-editor-allocator-block-size=1048576"
    "memorysetup-temp-allocator-size-main=16777216"
    "memorysetup-job-temp-allocator-block-size=2097152"
    "memorysetup-job-temp-allocator-block-size-background=1048576"
    "memorysetup-job-temp-allocator-reduction-small-platforms=262144"
    "memorysetup-temp-allocator-size-background-worker=32768"
    "memorysetup-temp-allocator-size-job-worker=262144"
    "memorysetup-temp-allocator-size-preload-manager=33554432"
    "memorysetup-temp-allocator-size-nav-mesh-worker=65536"
    "memorysetup-temp-allocator-size-audio-worker=65536"
    "memorysetup-temp-allocator-size-cloud-worker=32768"
    "memorysetup-temp-allocator-size-gi-baking-worker=262144"
    "memorysetup-temp-allocator-size-gfx=262144"
Refreshing native plugins compatible for Editor in 54.09 ms, found 10 plugins.
Preloading 1 native plugins for Editor in 0.69 ms.
Initialize engine version: 2021.2.7f1 (6bd9e232123f)
[Subsystems] Discovering subsystems at path C:/Program Files/Unity/Hub/Editor/2021.2.7f1/Editor/Data/Resources/UnitySubsystems
[Subsystems] Discovering subsystems at path D:/Unity Projects/MetaXSP/Pentagrama/Discos_VR/Assets
GfxDevice: creating device client; threaded=0; jobified=0
Direct3D:
    Version:  Direct3D 11.0 [level 11.1]
    Renderer: NVIDIA GeForce RTX 3060 (ID=0x2504)
    Vendor:   NVIDIA
    VRAM:     12142 MB
    Driver:   30.0.15.1259
Initialize mono
Mono path[0] = 'C:/Program Files/Unity/Hub/Editor/2021.2.7f1/Editor/Data/Managed'
Mono path[1] = 'C:/Program Files/Unity/Hub/Editor/2021.2.7f1/Editor/Data/MonoBleedingEdge/lib/mono/unityjit-win32'
Mono config path = 'C:/Program Files/Unity/Hub/Editor/2021.2.7f1/Editor/Data/MonoBleedingEdge/etc'
Using monoOptions --debugger-agent=transport=dt_socket,embedding=1,server=y,suspend=n,address=127.0.0.1:56864
Begin MonoManager ReloadAssembly
Registering precompiled unity dll's ...
Register platform support module: C:/Program Files/Unity/Hub/Editor/2021.2.7f1/Editor/Data/PlaybackEngines/WindowsStandaloneSupport/UnityEditor.WindowsStandalone.Extensions.dll
Registered in 0.005953 seconds.
Native extension for WindowsStandalone target not found
Refreshing native plugins compatible for Editor in 46.78 ms, found 10 plugins.
Preloading 1 native plugins for Editor in 0.04 ms.
Mono: successfully reloaded assembly
- Completed reload, in  0.492 seconds
Domain Reload Profiling:
	ReloadAssembly (492ms)
		BeginReloadAssembly (61ms)
			ExecutionOrderSort (0ms)
			DisableScriptedObjects (0ms)
			BackupInstance (0ms)
			ReleaseScriptingObjects (0ms)
			CreateAndSetChildDomain (1ms)
		EndReloadAssembly (366ms)
			LoadAssemblies (59ms)
			RebuildTransferFunctionScriptingTraits (0ms)
			SetupTypeCache (79ms)
			ReleaseScriptCaches (0ms)
			RebuildScriptCaches (21ms)
			SetupLoadedEditorAssemblies (219ms)
				LogAssemblyErrors (0ms)
				InitializePlatformSupportModulesInManaged (14ms)
				SetLoadedEditorAssemblies (0ms)
				RefreshPlugins (47ms)
				BeforeProcessingInitializeOnLoad (1ms)
				ProcessInitializeOnLoadAttributes (119ms)
				ProcessInitializeOnLoadMethodAttributes (38ms)
				AfterProcessingInitializeOnLoad (0ms)
				EditorAssembliesLoaded (0ms)
			ExecutionOrderSort2 (0ms)
			AwakeInstancesAfterBackupRestoration (0ms)
Platform modules already initialized, skipping
Registering precompiled user dll's ...
Registered in 0.004446 seconds.
Begin MonoManager ReloadAssembly
Native extension for WindowsStandalone target not found
Refreshing native plugins compatible for Editor in 54.25 ms, found 10 plugins.
Preloading 1 native plugins for Editor in 0.05 ms.
Package Manager log level set to [2]
System.Reflection.TargetInvocationException: Exception has been thrown by the target of an invocation. ---> System.NullReferenceException: Object reference not set to an instance of an object
  at Unity.XR.Oculus.OculusLoader.AssetPathToAbsolutePath (System.String assetPath) [0x0003d] in D:\Unity Projects\MetaXSP\Pentagrama\Discos_VR\Library\PackageCache\com.unity.xr.oculus@1.11.2\Runtime\OculusLoader.cs:250 
  at Unity.XR.Oculus.OculusLoader.EditorLoadOVRPlugin () [0x0007b] in D:\Unity Projects\MetaXSP\Pentagrama\Discos_VR\Library\PackageCache\com.unity.xr.oculus@1.11.2\Runtime\OculusLoader.cs:235 
  at (wrapper managed-to-native) System.Reflection.RuntimeMethodInfo.InternalInvoke(System.Reflection.RuntimeMethodInfo,object,object[],System.Exception&)
  at System.Reflection.RuntimeMethodInfo.Invoke (System.Object obj, System.Reflection.BindingFlags invokeAttr, System.Reflection.Binder binder, System.Object[] parameters, System.Globalization.CultureInfo culture) [0x0006a] in <31c0f51ac5a24a22ba784db24f4ba023>:0 
   --- End of inner exception stack trace ---
  at System.Reflection.RuntimeMethodInfo.Invoke (System.Object obj, System.Reflection.BindingFlags invokeAttr, System.Reflection.Binder binder, System.Object[] parameters, System.Globalization.CultureInfo culture) [0x00083] in <31c0f51ac5a24a22ba784db24f4ba023>:0 
  at System.Reflection.MethodBase.Invoke (System.Object obj, System.Object[] parameters) [0x00000] in <31c0f51ac5a24a22ba784db24f4ba023>:0 
  at UnityEditor.EditorAssemblies.ProcessInitializeOnLoadMethodAttributes () [0x000a5] in <0cde216a590a4d6fbc3d7db7ac203c5d>:0 
UnityEngine.StackTraceUtility:ExtractStackTrace ()
UnityEngine.DebugLogHandler:LogFormat (UnityEngine.LogType,UnityEngine.Object,string,object[])
UnityEngine.Logger:Log (UnityEngine.LogType,object)
UnityEngine.Debug:LogError (object)
UnityEditor.EditorAssemblies:ProcessInitializeOnLoadMethodAttributes ()

Mono: successfully reloaded assembly
- Completed reload, in  1.281 seconds
Domain Reload Profiling:
	ReloadAssembly (1281ms)
		BeginReloadAssembly (93ms)
			ExecutionOrderSort (0ms)
			DisableScriptedObjects (5ms)
			BackupInstance (0ms)
			ReleaseScriptingObjects (0ms)
			CreateAndSetChildDomain (20ms)
		EndReloadAssembly (1116ms)
			LoadAssemblies (68ms)
			RebuildTransferFunctionScriptingTraits (0ms)
			SetupTypeCache (149ms)
			ReleaseScriptCaches (0ms)
			RebuildScriptCaches (46ms)
			SetupLoadedEditorAssemblies (808ms)
				LogAssemblyErrors (0ms)
				InitializePlatformSupportModulesInManaged (9ms)
				SetLoadedEditorAssemblies (0ms)
				RefreshPlugins (54ms)
				BeforeProcessingInitializeOnLoad (67ms)
				ProcessInitializeOnLoadAttributes (645ms)
				ProcessInitializeOnLoadMethodAttributes (25ms)
				AfterProcessingInitializeOnLoad (7ms)
				EditorAssembliesLoaded (0ms)
			ExecutionOrderSort2 (0ms)
			AwakeInstancesAfterBackupRestoration (4ms)
Platform modules already initialized, skipping
========================================================================
Worker process is ready to serve import requests
Launched and connected shader compiler UnityShaderCompiler.exe after 0.04 seconds
Refreshing native plugins compatible for Editor in 0.95 ms, found 10 plugins.
Preloading 1 native plugins for Editor in 0.05 ms.
Unloading 3106 Unused Serialized files (Serialized files now loaded: 0)
Unloading 60 unused Assets / (208.9 KB). Loaded Objects now: 3575.
Memory consumption went from 163.2 MB to 163.0 MB.
Total: 3.658600 ms (FindLiveObjects: 0.234400 ms CreateObjectMapping: 0.157800 ms MarkObjects: 3.073600 ms  DeleteObjects: 0.191600 ms)

AssetImportParameters requested are different than current active one (requested -> active):
  custom:video-decoder-ogg-theora: a1e56fd34408186e4bbccfd4996cb3dc -> 
  custom:container-muxer-webm: aa71ff27fc2769a1b78a27578f13a17b -> 
  custom:container-demuxer-webm: 4f35f7cbe854078d1ac9338744f61a02 -> 
  custom:video-encoder-webm-vp8: eb34c28f22e8b96e1ab97ce403110664 -> 
  custom:audio-encoder-webm-vorbis: bf7c407c2cedff20999df2af8eb42d56 -> 
  custom:framework-win-MediaFoundation: 216162199b28c13a410421893ffa2e32 -> 
  custom:container-demuxer-ogg: 62fdf1f143b41e24485cea50d1cbac27 -> 
  custom:video-decoder-webm-vp8: 9c59270c3fd7afecdb556c50c9e8de78 -> 
  custom:audio-decoder-ogg-vorbis: bf7c407c2cedff20999df2af8eb42d56 -> 
========================================================================
Received Import Request.
  Time since last request: 99526.609303 seconds.
  path: Assets/Plugins/Ready Player Me/Examples/Webview/atlas_controles.png
  artifactKey: Guid(53f93a5e1d8888c4b94da47963093169) Importer(815301076,1909f56bfc062723c751e8b465ee728b)
Start importing Assets/Plugins/Ready Player Me/Examples/Webview/atlas_controles.png using Guid(53f93a5e1d8888c4b94da47963093169) Importer(815301076,1909f56bfc062723c751e8b465ee728b)  -> (artifact id: '35425cae1b3669372e7aa20fe1654873') in 0.108885 seconds 
========================================================================
Received Import Request.
  Time since last request: 4.125162 seconds.
  path: Assets/Plugins/Ready Player Me/Examples/Webview/WebViewTest.cs
  artifactKey: Guid(de94e8d74d07b6d48be573b21e792bf3) Importer(815301076,1909f56bfc062723c751e8b465ee728b)
Start importing Assets/Plugins/Ready Player Me/Examples/Webview/WebViewTest.cs using Guid(de94e8d74d07b6d48be573b21e792bf3) Importer(815301076,1909f56bfc062723c751e8b465ee728b)  -> (artifact id: '229ba07cacac765719bcfd30e5a49933') in 0.004099 seconds 
========================================================================
Received Import Request.
  Time since last request: 14.491920 seconds.
  path: Assets/Plugins/Ready Player Me/Examples/Webview/atlas_controles.png
  artifactKey: Guid(53f93a5e1d8888c4b94da47963093169) Importer(815301076,1909f56bfc062723c751e8b465ee728b)
Start importing Assets/Plugins/Ready Player Me/Examples/Webview/atlas_controles.png using Guid(53f93a5e1d8888c4b94da47963093169) Importer(815301076,1909f56bfc062723c751e8b465ee728b)  -> (artifact id: '41ac142e0aa7ce3137d7696d9b6c5178') in 0.108107 seconds 
========================================================================
Received Import Request.
  Time since last request: 176.722634 seconds.
  path: Assets/fonts/Druk Wide Bold/@font-face/2206d6cc490084998d531e8c1b2cbb4a.ttf
  artifactKey: Guid(c9bdea5517b5b724f8a60b2bb73bba3f) Importer(815301076,1909f56bfc062723c751e8b465ee728b)
Start importing Assets/fonts/Druk Wide Bold/@font-face/2206d6cc490084998d531e8c1b2cbb4a.ttf using Guid(c9bdea5517b5b724f8a60b2bb73bba3f) Importer(815301076,1909f56bfc062723c751e8b465ee728b)  -> (artifact id: 'b0f6c0a1f8508521d5f648327b8e4902') in 0.069595 seconds 
========================================================================
Received Import Request.
  Time since last request: 0.000028 seconds.
  path: Assets/fonts/NeonBlitz/Neonblitz-rgYVy.ttf
  artifactKey: Guid(38863486af878e2458789bfb1f905989) Importer(815301076,1909f56bfc062723c751e8b465ee728b)
Start importing Assets/fonts/NeonBlitz/Neonblitz-rgYVy.ttf using Guid(38863486af878e2458789bfb1f905989) Importer(815301076,1909f56bfc062723c751e8b465ee728b)  -> (artifact id: '3bb4a629b20feb61401e34326ecf2ed4') in 0.009843 seconds 
========================================================================
Received Import Request.
  Time since last request: 0.000028 seconds.
  path: Assets/fonts/NeonBlitz/Neoneon.otf
  artifactKey: Guid(13e6fca676e08644aa6e3013839809de) Importer(815301076,1909f56bfc062723c751e8b465ee728b)
Start importing Assets/fonts/NeonBlitz/Neoneon.otf using Guid(13e6fca676e08644aa6e3013839809de) Importer(815301076,1909f56bfc062723c751e8b465ee728b)  -> (artifact id: 'e7fde2a0b351b9a8bfdef787f8d01d9f') in 0.010788 seconds 
========================================================================
Received Import Request.
  Time since last request: 0.000032 seconds.
  path: Assets/fonts/Gotham Black Regular/Gotham Black Regular.ttf
  artifactKey: Guid(916e3c14ccbd7864c93cfd7d74e6bb25) Importer(815301076,1909f56bfc062723c751e8b465ee728b)
Start importing Assets/fonts/Gotham Black Regular/Gotham Black Regular.ttf using Guid(916e3c14ccbd7864c93cfd7d74e6bb25) Importer(815301076,1909f56bfc062723c751e8b465ee728b)  -> (artifact id: '90818f78c5eeec8e287e5a80ae889aa5') in 0.009931 seconds 
========================================================================
Received Import Request.
  Time since last request: 0.000019 seconds.
  path: Assets/TextMesh Pro/Fonts/LiberationSans.ttf
  artifactKey: Guid(e3265ab4bf004d28a9537516768c1c75) Importer(815301076,1909f56bfc062723c751e8b465ee728b)
Start importing Assets/TextMesh Pro/Fonts/LiberationSans.ttf using Guid(e3265ab4bf004d28a9537516768c1c75) Importer(815301076,1909f56bfc062723c751e8b465ee728b)  -> (artifact id: '1b31c26b04afd3f9da8815c0b1e81f18') in 0.010499 seconds 
========================================================================
Received Import Request.
  Time since last request: 63.804863 seconds.
  path: Assets/Plugins/Ready Player Me/Examples/Webview/atlas_controles.png
  artifactKey: Guid(53f93a5e1d8888c4b94da47963093169) Importer(815301076,1909f56bfc062723c751e8b465ee728b)
Start importing Assets/Plugins/Ready Player Me/Examples/Webview/atlas_controles.png using Guid(53f93a5e1d8888c4b94da47963093169) Importer(815301076,1909f56bfc062723c751e8b465ee728b)  -> (artifact id: 'b055486c834ac760ab4cf7758f22a302') in 0.018273 seconds 
